uvicorn : INFO:     Started 
server process [17972]
At line:1 char:95
+ ... .log -ErrorAction 
Continue; uvicorn main:app 
--port 8000 2>&1 | Out-F ...
+                             
    ~~~~~~~~~~~~~~~~~~~~~~~~~~
~~~~~~~
    + CategoryInfo          : 
    NotSpecified: (INFO:      
   Started server process [   
 17972]:String) [], Remote    
Exception
    + FullyQualifiedErrorId : 
    NativeCommandError
 
INFO:     Waiting for 
application startup.
INFO:     Application startup 
complete.
ERROR:    [Errno 10048] error 
while attempting to bind on 
address ('127.0.0.1', 8000): 
[winerror 10048] only one 
usage of each socket address 
(protocol/network 
address/port) is normally 
permitted
INFO:     Waiting for 
application shutdown.
INFO:     Application 
shutdown complete.
